[0.033s] Invoking command in '/home/sudheer/ros2_ws/build/my_robot_interfaces': CMAKE_PREFIX_PATH=${CMAKE_PREFIX_PATH}:/home/sudheer/ros2_ws/install/my_py_pkg:/opt/ros/humble /usr/bin/cmake --build /home/sudheer/ros2_ws/build/my_robot_interfaces -- -j4 -l4
[0.098s] -- Found ament_cmake: 1.3.8 (/opt/ros/humble/share/ament_cmake/cmake)
[0.517s] -- Found rosidl_default_generators: 1.2.0 (/opt/ros/humble/share/rosidl_default_generators/cmake)
[0.522s] -- Using all available rosidl_typesupport_c: rosidl_typesupport_fastrtps_c;rosidl_typesupport_introspection_c
[0.531s] -- Found rosidl_adapter: 3.1.5 (/opt/ros/humble/share/rosidl_adapter/cmake)
[0.595s] -- Using all available rosidl_typesupport_cpp: rosidl_typesupport_fastrtps_cpp;rosidl_typesupport_introspection_cpp
[1.462s] -- Found ament_cmake_ros: 0.10.0 (/opt/ros/humble/share/ament_cmake_ros/cmake)
[1.939s] -- Using all available rosidl_typesupport_c: rosidl_typesupport_fastrtps_c;rosidl_typesupport_introspection_c
[2.562s] -- Using all available rosidl_typesupport_cpp: rosidl_typesupport_fastrtps_cpp;rosidl_typesupport_introspection_cpp
[2.635s] -- Found python_cmake_module: 0.10.0 (/opt/ros/humble/share/python_cmake_module/cmake)
[2.710s] -- Using PYTHON_EXECUTABLE: /usr/bin/python3
[2.710s] -- Using PYTHON_INCLUDE_DIRS: /usr/include/python3.10
[2.710s] -- Using PYTHON_LIBRARIES: /usr/lib/x86_64-linux-gnu/libpython3.10.so
[2.746s] -- Configuring done
[2.857s] -- Generating done
[2.867s] -- Build files have been written to: /home/sudheer/ros2_ws/build/my_robot_interfaces
[2.960s] [  2%] [34m[1mGenerating C code for ROS interfaces[0m
[2.995s] [  5%] [34m[1mGenerating C++ code for ROS interfaces[0m
[3.032s] [  5%] Built target ament_cmake_python_copy_my_robot_interfaces
[4.011s] running egg_info
[4.014s] writing my_robot_interfaces.egg-info/PKG-INFO
[4.015s] writing dependency_links to my_robot_interfaces.egg-info/dependency_links.txt
[4.016s] writing top-level names to my_robot_interfaces.egg-info/top_level.txt
[4.026s] reading manifest file 'my_robot_interfaces.egg-info/SOURCES.txt'
[4.044s] writing manifest file 'my_robot_interfaces.egg-info/SOURCES.txt'
[4.171s] [  5%] Built target ament_cmake_python_build_my_robot_interfaces_egg
[4.270s] [35m[1mConsolidate compiler generated dependencies of target my_robot_interfaces__rosidl_generator_c[0m
[4.308s] [  7%] [32mBuilding C object CMakeFiles/my_robot_interfaces__rosidl_generator_c.dir/rosidl_generator_c/my_robot_interfaces/srv/detail/ciber_rato_server__functions.c.o[0m
[4.314s] [ 10%] [32mBuilding C object CMakeFiles/my_robot_interfaces__rosidl_generator_c.dir/rosidl_generator_c/my_robot_interfaces/msg/detail/hardwarestatus__functions.c.o[0m
[4.350s] In file included from [01m[K/home/sudheer/ros2_ws/build/my_robot_interfaces/rosidl_generator_c/my_robot_interfaces/srv/detail/ciber_rato_server__functions.h:19[m[K,
[4.350s]                  from [01m[K/home/sudheer/ros2_ws/build/my_robot_interfaces/rosidl_generator_c/my_robot_interfaces/srv/detail/ciber_rato_server__functions.c:4[m[K:
[4.350s] [01m[K/home/sudheer/ros2_ws/build/my_robot_interfaces/rosidl_generator_c/my_robot_interfaces/srv/detail/ciber_rato_server__struct.h:52:10:[m[K [01;31m[Kfatal error: [m[Kmy_robot_interfaces/msg/detail/string__struct.h: No such file or directory
[4.350s]    52 | #include [01;31m[K"my_robot_interfaces/msg/detail/string__struct.h"[m[K
[4.350s]       |          [01;31m[K^~~~~~~~~~~~~~~~~~~~~~~~~~~~~~~~~~~~~~~~~~~~~~~~~[m[K
[4.351s] compilation terminated.
[4.355s] gmake[2]: *** [CMakeFiles/my_robot_interfaces__rosidl_generator_c.dir/build.make:135: CMakeFiles/my_robot_interfaces__rosidl_generator_c.dir/rosidl_generator_c/my_robot_interfaces/srv/detail/ciber_rato_server__functions.c.o] Error 1
[4.355s] gmake[2]: *** Waiting for unfinished jobs....
[4.357s] In file included from [01m[K/home/sudheer/ros2_ws/build/my_robot_interfaces/rosidl_generator_c/my_robot_interfaces/msg/detail/hardwarestatus__functions.h:19[m[K,
[4.357s]                  from [01m[K/home/sudheer/ros2_ws/build/my_robot_interfaces/rosidl_generator_c/my_robot_interfaces/msg/detail/hardwarestatus__functions.c:4[m[K:
[4.357s] [01m[K/home/sudheer/ros2_ws/build/my_robot_interfaces/rosidl_generator_c/my_robot_interfaces/msg/detail/hardwarestatus__struct.h:22:10:[m[K [01;31m[Kfatal error: [m[Kmy_robot_interfaces/msg/detail/string__struct.h: No such file or directory
[4.357s]    22 | #include [01;31m[K"my_robot_interfaces/msg/detail/string__struct.h"[m[K
[4.357s]       |          [01;31m[K^~~~~~~~~~~~~~~~~~~~~~~~~~~~~~~~~~~~~~~~~~~~~~~~~[m[K
[4.358s] compilation terminated.
[4.365s] gmake[2]: *** [CMakeFiles/my_robot_interfaces__rosidl_generator_c.dir/build.make:121: CMakeFiles/my_robot_interfaces__rosidl_generator_c.dir/rosidl_generator_c/my_robot_interfaces/msg/detail/hardwarestatus__functions.c.o] Error 1
[4.366s] gmake[1]: *** [CMakeFiles/Makefile2:213: CMakeFiles/my_robot_interfaces__rosidl_generator_c.dir/all] Error 2
[4.366s] gmake[1]: *** Waiting for unfinished jobs....
[4.413s] [ 10%] Built target my_robot_interfaces__cpp
[4.417s] gmake: *** [Makefile:146: all] Error 2
[4.423s] Invoked command in '/home/sudheer/ros2_ws/build/my_robot_interfaces' returned '2': CMAKE_PREFIX_PATH=${CMAKE_PREFIX_PATH}:/home/sudheer/ros2_ws/install/my_py_pkg:/opt/ros/humble /usr/bin/cmake --build /home/sudheer/ros2_ws/build/my_robot_interfaces -- -j4 -l4
